build/app/outputs/mapping/release/seeds.txt
com.example.flutter_orion.MainActivity
com.example.flutter_orion.MainActivity: MainActivity()
...
androidx.savedstate.SavedStateRegistry$1
com.google.common.util.concurrent.AbstractFuture: com.google.common.util.concurrent.AbstractFuture$Waiter waiters
io.flutter.plugin.editing.ImeSyncDeferringInsetsCallback: android.view.WindowInsets access$400(io.flutter.plugin.editing.ImeSyncDeferringInsetsCallback)
com.google.android.gms.common.api.GoogleApiActivity
com.google.android.gms.maps.model.MapStyleOptions: android.os.Parcelable$Creator CREATOR
io.flutter.plugin.editing.ImeSyncDeferringInsetsCallback: int access$100(io.flutter.plugin.editing.ImeSyncDeferringInsetsCallback)
io.flutter.view.AccessibilityBridge$StringAttributeType: io.flutter.view.AccessibilityBridge$StringAttributeType[] values()
io.flutter.embedding.engine.FlutterJNI: void loadDartDeferredLibrary(int,java.lang.String[])
androidx.lifecycle.Lifecycle$Event: androidx.lifecycle.Lifecycle$Event ON_STOP
io.flutter.plugin.editing.ImeSyncDeferringInsetsCallback: int overlayInsetTypes
io.flutter.embedding.engine.FlutterJNI: boolean nativeFlutterTextUtilsIsRegionalIndicator(int)
io.flutter.embedding.engine.FlutterJNI: io.flutter.embedding.engine.FlutterJNI nativeSpawn(long,java.lang.String,java.lang.String)
io.flutter.plugin.editing.ImeSyncDeferringInsetsCallback: boolean animating
com.google.android.gms.maps.GoogleMapOptions: android.os.Parcelable$Creator CREATOR
io.flutter.embedding.android.FlutterView: android.view.accessibility.AccessibilityNodeProvider getAccessibilityNodeProvider()
androidx.lifecycle.Lifecycle$Event: androidx.lifecycle.Lifecycle$Event[] $VALUES
io.flutter.plugin.editing.ImeSyncDeferringInsetsCallback: ImeSyncDeferringInsetsCallback(android.view.View,int,int)
androidx.core.app.RemoteActionCompatParcelizer: void write(androidx.core.app.RemoteActionCompat,androidx.versionedparcelable.VersionedParcel)
com.google.android.gms.maps.model.LatLngBounds: android.os.Parcelable$Creator CREATOR
io.flutter.embedding.engine.FlutterJNI: java.lang.String observatoryUri
io.flutter.embedding.engine.FlutterJNI: FlutterJNI()
io.flutter.embedding.engine.FlutterJNI: void setViewportMetrics(float,int,int,int,int,int,int,int,int,int,int,int,int,int,int,int)
io.flutter.embedding.engine.FlutterJNI: io.flutter.embedding.engine.dart.PlatformMessageHandler platformMessageHandler
io.flutter.embedding.engine.mutatorsstack.FlutterMutatorsStack: java.util.List mutators
io.flutter.view.AccessibilityViewEmbedder
io.flutter.embedding.engine.FlutterJNI: java.lang.Long nativeShellHolderId
com.google.android.gms.common.annotation.KeepName
io.flutter.plugins.googlemaps.GoogleMapsPlugin: GoogleMapsPlugin()
androidx.lifecycle.Lifecycle$Event: androidx.lifecycle.Lifecycle$Event ON_ANY
androidx.fragment.app.Fragment$2
io.flutter.embedding.engine.FlutterJNI: void nativeDispatchPointerDataPacket(long,java.nio.ByteBuffer,int)
io.flutter.embedding.engine.FlutterJNI: void setPlatformMessageHandler(io.flutter.embedding.engine.dart.PlatformMessageHandler)
io.flutter.plugin.platform.SingleViewPresentation: java.lang.Object createParams
io.flutter.embedding.engine.FlutterJNI: void dispatchSemanticsAction(int,io.flutter.view.AccessibilityBridge$Action,java.lang.Object)
io.flutter.embedding.engine.FlutterJNI: void nativeSurfaceCreated(long,android.view.Surface)
io.flutter.embedding.android.DrawableSplashScreen$DrawableSplashScreenView: void setSplashDrawable(android.graphics.drawable.Drawable)
androidx.lifecycle.ReportFragment$LifecycleCallbacks: void onActivityStopped(android.app.Activity)
androidx.versionedparcelable.CustomVersionedParcelable: CustomVersionedParcelable()
io.flutter.embedding.engine.FlutterJNI: java.lang.String TAG
androidx.lifecycle.ReportFragment$LifecycleCallbacks: void onActivityCreated(android.app.Activity,android.os.Bundle)
io.flutter.embedding.engine.renderer.SurfaceTextureWrapper: void updateTexImage()
androidx.core.graphics.drawable.IconCompatParcelizer: IconCompatParcelizer()
androidx.lifecycle.ReportFragment$LifecycleCallbacks: void onActivityStarted(android.app.Activity)