build/app/outputs/mapping/release/mapping.txt
# compiler: R8
# compiler_version: 2.1.62
# min_api: 16
# pg_map_id: 948bb68
# common_typos_disable
...
androidx.arch.core.internal.SafeIterableMap$SupportRemove -> a.a.a.b.b$f:
    void supportRemove(androidx.arch.core.internal.SafeIterableMap$Entry) -> a
androidx.collection.ArrayMap -> a.b.a:
    androidx.collection.MapCollections mCollections -> h
    androidx.collection.MapCollections getCollection() -> m
    boolean retainAll(java.util.Collection) -> n
androidx.collection.ArrayMap$1 -> a.b.a$a:
    androidx.collection.ArrayMap this$0 -> d
    void colClear() -> a
    java.lang.Object colGetEntry(int,int) -> b
    java.util.Map colGetMap() -> c
    int colGetSize() -> d
    int colIndexOfKey(java.lang.Object) -> e
    int colIndexOfValue(java.lang.Object) -> f
    void colPut(java.lang.Object,java.lang.Object) -> g
    void colRemoveAt(int) -> h
    java.lang.Object colSetValue(int,java.lang.Object) -> i
androidx.collection.ArraySet -> a.b.b:
    java.lang.Object[] mArray -> b
    int sTwiceBaseCacheSize -> j
    int sBaseCacheSize -> h
    int[] INT -> e
    int[] mHashes -> a
    java.lang.Object[] sTwiceBaseCache -> i
    int mSize -> c
    java.lang.Object[] OBJECT -> f
    androidx.collection.MapCollections mCollections -> d
    java.lang.Object[] sBaseCache -> g
    void allocArrays(int) -> a
    void ensureCapacity(int) -> b
    void freeArrays(int[],java.lang.Object[],int) -> c
    androidx.collection.MapCollections getCollection() -> d
    int indexOf(java.lang.Object) -> e
    int indexOf(java.lang.Object,int) -> f
    int indexOfNull() -> g
    java.lang.Object removeAt(int) -> h
    java.lang.Object valueAt(int) -> i
androidx.collection.ArraySet$1 -> a.b.b$a:
    androidx.collection.ArraySet this$0 -> d
    void colClear() -> a
    java.lang.Object colGetEntry(int,int) -> b
    java.util.Map colGetMap() -> c
    int colGetSize() -> d
    int colIndexOfKey(java.lang.Object) -> e
    int colIndexOfValue(java.lang.Object) -> f
    void colPut(java.lang.Object,java.lang.Object) -> g
    void colRemoveAt(int) -> h
    java.lang.Object colSetValue(int,java.lang.Object) -> i
androidx.collection.ContainerHelpers -> a.b.c:
    java.lang.Object[] EMPTY_OBJECTS -> b
    int[] EMPTY_INTS -> a
    int binarySearch(int[],int,int) -> a
    boolean equal(java.lang.Object,java.lang.Object) -> b
    int idealByteArraySize(int) -> c
    int idealIntArraySize(int) -> d
androidx.collection.MapCollections -> a.b.d:
    androidx.collection.MapCollections$KeySet mKeySet -> b
    androidx.collection.MapCollections$ValuesCollection mValues -> c
    androidx.collection.MapCollections$EntrySet mEntrySet -> a
    void colClear() -> a
    java.lang.Object colGetEntry(int,int) -> b
    java.util.Map colGetMap() -> c
    int colGetSize() -> d
    int colIndexOfKey(java.lang.Object) -> e
    int colIndexOfValue(java.lang.Object) -> f
    void colPut(java.lang.Object,java.lang.Object) -> g
    void colRemoveAt(int) -> h
    java.lang.Object colSetValue(int,java.lang.Object) -> i
    boolean containsAllHelper(java.util.Map,java.util.Collection) -> j
    boolean equalsSetHelper(java.util.Set,java.lang.Object) -> k
    java.util.Set getEntrySet() -> l
    java.util.Set getKeySet() -> m
    java.util.Collection getValues() -> n
    boolean removeAllHelper(java.util.Map,java.util.Collection) -> o
    boolean retainAllHelper(java.util.Map,java.util.Collection) -> p
    java.lang.Object[] toArrayHelper(int) -> q
    java.lang.Object[] toArrayHelper(java.lang.Object[],int) -> r
androidx.collection.MapCollections$ArrayIterator -> a.b.d$a:
    androidx.collection.MapCollections this$0 -> e
    int mSize -> b
    int mIndex -> c
    int mOffset -> a
    boolean mCanRemove -> d
androidx.collection.MapCollections$EntrySet -> a.b.d$b:
    androidx.collection.MapCollections this$0 -> a
    boolean add(java.util.Map$Entry) -> a
androidx.collection.MapCollections$KeySet -> a.b.d$c:
    androidx.collection.MapCollections this$0 -> a