build/app/outputs/mapping/release/usage.txt
com.example.flutter_orion.R$mipmap
com.example.flutter_orion.R$integer
com.example.flutter_orion.R$dimen
com.example.flutter_orion.R$xml
com.example.flutter_orion.R$string
com.example.flutter_orion.R$style
com.example.flutter_orion.R$id
com.example.flutter_orion.BuildConfig
com.example.flutter_orion.R$drawable
com.example.flutter_orion.R$attr
com.example.flutter_orion.R$styleable
com.example.flutter_orion.R$layout
com.example.flutter_orion.R$color
com.example.flutter_orion.R
...
kotlin.collections.MapsKt__MapWithDefaultKt
io.flutter.plugins.googlemaps.R$string
kotlin.text.StringsKt__StringsKt$rangesDelimitedBy$2
kotlin.ranges.CharProgression$Companion
kotlin.comparisons.ComparisonsKt__ComparisonsKt$compareBy$3
com.google.common.collect.ForwardingNavigableMap$StandardDescendingMap
com.google.common.io.ByteSource
kotlin.coroutines.EmptyCoroutineContext
com.google.android.gms.auth.api.signin.GoogleSignInAccount:
    public static com.google.android.gms.auth.api.signin.GoogleSignInAccount createDefault()
    private final org.json.JSONObject zad()
    static final synthetic int zaa(com.google.android.gms.common.api.Scope,com.google.android.gms.common.api.Scope)
    public varargs com.google.android.gms.auth.api.signin.GoogleSignInAccount requestExtraScopes(com.google.android.gms.common.api.Scope[])
    public boolean isExpired()
    public final java.lang.String zab()
    public java.util.Set getGrantedScopes()
    public final java.lang.String zac()
com.google.common.collect.Synchronized$SynchronizedTable$1
com.google.common.collect.LinkedHashMultimap$ValueSet
androidx.lifecycle.ComputableLiveData
com.google.common.util.concurrent.FluentFuture$TrustedFuture
com.google.android.gms.maps.internal.zzaw
kotlin.coroutines.jvm.internal.DebugMetadata
com.google.common.collect.Maps$4
com.google.common.collect.TreeRangeMap$SubRangeMap$SubRangeMapAsMap$3
com.google.android.gms.common.api.internal.zam
com.google.android.gms.common.internal.ResourceUtils
com.google.android.gms.common.images.ImageManager$OnImageLoadedListener
androidx.core.graphics.drawable.RoundedBitmapDrawableFactory$DefaultRoundedBitmapDrawable
kotlin.ranges.ULongProgression$Companion
javax.annotation.RegEx$Checker
com.google.common.cache.AbstractCache$StatsCounter
kotlin.InitializedLazyImpl
com.google.android.gms.maps.internal.zzaf
javax.annotation.Tainted
com.google.common.collect.TreeRangeMap$SubRangeMap$1$1
com.google.common.math.StatsAccumulator
androidx.core.app.JobIntentService$CommandProcessor
com.google.android.gms.common.api.internal.zack
com.google.common.graph.ConfigurableMutableGraph
com.google.common.util.concurrent.Striped$WeakSafeLock
androidx.core.provider.FontsContractCompat$5
com.google.common.collect.CartesianList
com.google.common.collect.SortedMultiset
androidx.core.view.inputmethod.InputContentInfoCompat$InputContentInfoCompatImpl
androidx.core.view.accessibility.AccessibilityNodeProviderCompat
androidx.annotation.AnimatorRes
com.google.common.collect.MultimapBuilder$1
androidx.versionedparcelable.ParcelField
com.google.android.gms.common.api.internal.zaby
com.google.common.graph.Traverser$GraphTraverser
com.google.android.gms.maps.internal.zzbi
com.google.common.cache.RemovalListeners$1
kotlin.time.AbstractDoubleClock$DoubleClockMark
com.google.common.collect.Maps$11
com.google.common.math.Quantiles
com.google.android.gms.common.config.GservicesValue
com.google.common.collect.Maps$NavigableKeySet
kotlin.internal.DynamicExtension
com.google.common.base.Equivalence
androidx.core.provider.FontsContractCompat$FontRequestCallback
kotlin.jvm.internal.FunctionReferenceImpl
kotlin.UByteArray
androidx.core.app.NotificationManagerCompat$SideChannelManager$ListenerRecord
com.google.common.collect.ClassToInstanceMap
com.google.common.util.concurrent.FuturesGetChecked$GetCheckedTypeValidatorHolder$WeakSetValidator
com.google.android.gms.maps.internal.IStreetViewPanoramaFragmentDelegate
com.google.common.hash.AbstractStreamingHasher
com.google.common.cache.Weigher
com.google.common.hash.FarmHashFingerprint64
com.google.common.collect.Maps$UnmodifiableNavigableMap
com.google.common.graph.MapIteratorCache
androidx.core.view.MenuItemCompat$OnActionExpandListener
com.google.common.escape.CharEscaperBuilder
com.google.common.collect.Maps$FilteredEntryMap
com.google.common.base.Predicates$InPredicate